2024-03-17T04:44:50.267Z 0: 

----------------------------------------------
2024-03-17T04:44:50.298Z 1: Discord starting: {"releaseChannel":"stable","version":"0.0.45"}, modulepath: /home/aaa/.config/discord/0.0.45/modules
2024-03-17T04:44:50.308Z 2: ✅ webContents.created web1 ""
2024-03-17T04:44:50.313Z 3: ✅ window.created win1 "discord"
2024-03-17T04:44:50.841Z 4: ✅ webContents.did-finish-load web1
2024-03-17T04:59:19.848Z 5: ✅ webContents.created web2 ""
2024-03-17T04:59:19.864Z 6: ✅ window.created win2 "Discord"
2024-03-17T05:01:27.632Z 7: window.close win1
2024-03-17T05:01:27.663Z 8: webContents.destroyed web1
2024-03-17T05:01:27.669Z 9: window.closed win1
2024-03-17T05:01:33.302Z 0: 

----------------------------------------------
2024-03-17T05:01:33.334Z 1: Discord starting: {"releaseChannel":"stable","version":"0.0.45"}, modulepath: /home/aaa/.config/discord/0.0.45/modules
2024-03-17T05:02:36.290Z 10: window.close win2
2024-03-17T05:02:42.607Z 11: before-quit
2024-03-17T05:02:42.640Z 12: window.close win2
2024-03-17T05:02:47.376Z 0: 

----------------------------------------------
2024-03-17T05:02:47.458Z 1: Discord starting: {"releaseChannel":"stable","version":"0.0.45"}, modulepath: /home/aaa/.config/discord/0.0.45/modules
2024-03-17T05:02:47.477Z 2: ✅ webContents.created web1 ""
2024-03-17T05:02:47.489Z 3: ✅ window.created win1 "discord"
2024-03-17T05:02:48.024Z 4: ✅ webContents.did-finish-load web1
2024-03-17T05:02:48.951Z 5: ✅ webContents.created web2 ""
2024-03-17T05:02:48.984Z 6: ✅ window.created win2 "Discord"
2024-03-17T05:05:16.032Z 7: window.close win1
2024-03-17T05:05:16.063Z 8: webContents.destroyed web1
2024-03-17T05:05:16.072Z 9: window.closed win1
2024-03-17T05:06:05.335Z 10: before-quit
