2024-03-17T04:44:50.183Z [Modules] Modules initializing
2024-03-17T04:44:50.183Z [Modules] Distribution: remote
2024-03-17T04:44:50.183Z [Modules] Host updates: enabled
2024-03-17T04:44:50.184Z [Modules] Module updates: enabled
2024-03-17T04:44:50.184Z [Modules] Module install path: /home/aaa/.config/discord/0.0.45/modules
2024-03-17T04:44:50.184Z [Modules] Module installed file path: /home/aaa/.config/discord/0.0.45/modules/installed.json
2024-03-17T04:44:50.185Z [Modules] Module download path: /home/aaa/.config/discord/0.0.45/modules/pending
2024-03-17T04:44:50.635Z [Modules] Bootstrapping...
2024-03-17T04:44:50.637Z [Modules] Installing discord_desktop_core@0 from /opt/discord/resources/bootstrap/discord_desktop_core.zip
2024-03-17T04:44:50.643Z [Modules] Failed installing discord_desktop_core@0: Error: ENOENT: no such file or directory, open '/opt/discord/resources/bootstrap/discord_desktop_core.zip'
2024-03-17T04:44:50.645Z [Modules] Installing discord_erlpack@0 from /opt/discord/resources/bootstrap/discord_erlpack.zip
2024-03-17T04:44:50.647Z [Modules] Failed installing discord_erlpack@0: Error: ENOENT: no such file or directory, open '/opt/discord/resources/bootstrap/discord_erlpack.zip'
2024-03-17T04:44:50.647Z [Modules] Installing discord_spellcheck@0 from /opt/discord/resources/bootstrap/discord_spellcheck.zip
2024-03-17T04:44:50.649Z [Modules] Failed installing discord_spellcheck@0: Error: ENOENT: no such file or directory, open '/opt/discord/resources/bootstrap/discord_spellcheck.zip'
2024-03-17T04:44:50.650Z [Modules] Installing discord_utils@0 from /opt/discord/resources/bootstrap/discord_utils.zip
2024-03-17T04:44:50.654Z [Modules] Failed installing discord_utils@0: Error: ENOENT: no such file or directory, open '/opt/discord/resources/bootstrap/discord_utils.zip'
2024-03-17T04:44:50.655Z [Modules] Installing discord_voice@0 from /opt/discord/resources/bootstrap/discord_voice.zip
2024-03-17T04:44:50.657Z [Modules] Failed installing discord_voice@0: Error: ENOENT: no such file or directory, open '/opt/discord/resources/bootstrap/discord_voice.zip'
2024-03-17T04:44:50.657Z [Modules] Finished module installations. [success: 0] [failure: 5]
2024-03-17T04:44:50.658Z [Modules] Checking for host updates.
2024-03-17T04:44:51.326Z [Modules] Host is up to date.
2024-03-17T04:44:51.327Z [Modules] Checking for module updates at https://discord.com/api/modules/stable/versions.json
2024-03-17T04:44:51.662Z [Modules] Module update available: discord_desktop_core@1 [installed: 0]
2024-03-17T04:44:51.662Z [Modules] Module update available: discord_erlpack@1 [installed: 0]
2024-03-17T04:44:51.662Z [Modules] Module update available: discord_spellcheck@1 [installed: 0]
2024-03-17T04:44:51.662Z [Modules] Module update available: discord_utils@1 [installed: 0]
2024-03-17T04:44:51.662Z [Modules] Module update available: discord_voice@1 [installed: 0]
2024-03-17T04:44:51.663Z [Modules] Fetching discord_desktop_core@1 from https://discord.com/api/modules/stable/discord_desktop_core/1
2024-03-17T04:44:51.664Z [Modules] Streaming discord_desktop_core@1 to /home/aaa/.config/discord/0.0.45/modules/pending/discord_desktop_core-1.zip
2024-03-17T04:44:53.069Z [Modules] Streaming discord_desktop_core@1 to /home/aaa/.config/discord/0.0.45/modules/pending/discord_desktop_core-1.zip: 1%
2024-03-17T04:44:53.300Z [Modules] Streaming discord_desktop_core@1 to /home/aaa/.config/discord/0.0.45/modules/pending/discord_desktop_core-1.zip: 2%
2024-03-17T04:44:53.612Z [Modules] Streaming discord_desktop_core@1 to /home/aaa/.config/discord/0.0.45/modules/pending/discord_desktop_core-1.zip: 4%
2024-03-17T04:44:53.783Z [Modules] Streaming discord_desktop_core@1 to /home/aaa/.config/discord/0.0.45/modules/pending/discord_desktop_core-1.zip: 5%
2024-03-17T04:44:54.390Z [Modules] Streaming discord_desktop_core@1 to /home/aaa/.config/discord/0.0.45/modules/pending/discord_desktop_core-1.zip: 7%
2024-03-17T04:44:54.401Z [Modules] Streaming discord_desktop_core@1 to /home/aaa/.config/discord/0.0.45/modules/pending/discord_desktop_core-1.zip: 10%
2024-03-17T04:44:54.759Z [Modules] Streaming discord_desktop_core@1 to /home/aaa/.config/discord/0.0.45/modules/pending/discord_desktop_core-1.zip: 13%
2024-03-17T04:44:54.762Z [Modules] Streaming discord_desktop_core@1 to /home/aaa/.config/discord/0.0.45/modules/pending/discord_desktop_core-1.zip: 15%
2024-03-17T04:44:54.795Z [Modules] Streaming discord_desktop_core@1 to /home/aaa/.config/discord/0.0.45/modules/pending/discord_desktop_core-1.zip: 18%
2024-03-17T04:44:54.797Z [Modules] Streaming discord_desktop_core@1 to /home/aaa/.config/discord/0.0.45/modules/pending/discord_desktop_core-1.zip: 19%
2024-03-17T04:44:54.943Z [Modules] Streaming discord_desktop_core@1 to /home/aaa/.config/discord/0.0.45/modules/pending/discord_desktop_core-1.zip: 20%
2024-03-17T04:44:54.993Z [Modules] Streaming discord_desktop_core@1 to /home/aaa/.config/discord/0.0.45/modules/pending/discord_desktop_core-1.zip: 21%
2024-03-17T04:44:55.031Z [Modules] Streaming discord_desktop_core@1 to /home/aaa/.config/discord/0.0.45/modules/pending/discord_desktop_core-1.zip: 22%
2024-03-17T04:44:55.261Z [Modules] Streaming discord_desktop_core@1 to /home/aaa/.config/discord/0.0.45/modules/pending/discord_desktop_core-1.zip: 23%
2024-03-17T04:44:55.278Z [Modules] Streaming discord_desktop_core@1 to /home/aaa/.config/discord/0.0.45/modules/pending/discord_desktop_core-1.zip: 25%
2024-03-17T04:44:55.563Z [Modules] Streaming discord_desktop_core@1 to /home/aaa/.config/discord/0.0.45/modules/pending/discord_desktop_core-1.zip: 27%
2024-03-17T04:44:55.637Z [Modules] Streaming discord_desktop_core@1 to /home/aaa/.config/discord/0.0.45/modules/pending/discord_desktop_core-1.zip: 30%
2024-03-17T04:44:55.697Z [Modules] Streaming discord_desktop_core@1 to /home/aaa/.config/discord/0.0.45/modules/pending/discord_desktop_core-1.zip: 31%
2024-03-17T04:44:55.822Z [Modules] Streaming discord_desktop_core@1 to /home/aaa/.config/discord/0.0.45/modules/pending/discord_desktop_core-1.zip: 32%
2024-03-17T04:44:55.886Z [Modules] Streaming discord_desktop_core@1 to /home/aaa/.config/discord/0.0.45/modules/pending/discord_desktop_core-1.zip: 33%
2024-03-17T04:44:55.950Z [Modules] Streaming discord_desktop_core@1 to /home/aaa/.config/discord/0.0.45/modules/pending/discord_desktop_core-1.zip: 34%
2024-03-17T04:44:56.417Z [Modules] Streaming discord_desktop_core@1 to /home/aaa/.config/discord/0.0.45/modules/pending/discord_desktop_core-1.zip: 37%
2024-03-17T04:44:56.764Z [Modules] Streaming discord_desktop_core@1 to /home/aaa/.config/discord/0.0.45/modules/pending/discord_desktop_core-1.zip: 39%
2024-03-17T04:44:56.788Z [Modules] Streaming discord_desktop_core@1 to /home/aaa/.config/discord/0.0.45/modules/pending/discord_desktop_core-1.zip: 40%
2024-03-17T04:44:57.117Z [Modules] Streaming discord_desktop_core@1 to /home/aaa/.config/discord/0.0.45/modules/pending/discord_desktop_core-1.zip: 41%
2024-03-17T04:44:57.566Z [Modules] Streaming discord_desktop_core@1 to /home/aaa/.config/discord/0.0.45/modules/pending/discord_desktop_core-1.zip: 42%
2024-03-17T04:44:57.588Z [Modules] Streaming discord_desktop_core@1 to /home/aaa/.config/discord/0.0.45/modules/pending/discord_desktop_core-1.zip: 44%
2024-03-17T04:44:57.609Z [Modules] Streaming discord_desktop_core@1 to /home/aaa/.config/discord/0.0.45/modules/pending/discord_desktop_core-1.zip: 45%
2024-03-17T04:44:57.703Z [Modules] Streaming discord_desktop_core@1 to /home/aaa/.config/discord/0.0.45/modules/pending/discord_desktop_core-1.zip: 46%
2024-03-17T04:44:57.959Z [Modules] Streaming discord_desktop_core@1 to /home/aaa/.config/discord/0.0.45/modules/pending/discord_desktop_core-1.zip: 49%
2024-03-17T04:44:58.011Z [Modules] Streaming discord_desktop_core@1 to /home/aaa/.config/discord/0.0.45/modules/pending/discord_desktop_core-1.zip: 50%
2024-03-17T04:44:58.627Z [Modules] Streaming discord_desktop_core@1 to /home/aaa/.config/discord/0.0.45/modules/pending/discord_desktop_core-1.zip: 53%
2024-03-17T04:44:58.936Z [Modules] Streaming discord_desktop_core@1 to /home/aaa/.config/discord/0.0.45/modules/pending/discord_desktop_core-1.zip: 55%
2024-03-17T04:44:58.950Z [Modules] Streaming discord_desktop_core@1 to /home/aaa/.config/discord/0.0.45/modules/pending/discord_desktop_core-1.zip: 58%
2024-03-17T04:44:59.365Z [Modules] Streaming discord_desktop_core@1 to /home/aaa/.config/discord/0.0.45/modules/pending/discord_desktop_core-1.zip: 59%
2024-03-17T04:44:59.659Z [Modules] Streaming discord_desktop_core@1 to /home/aaa/.config/discord/0.0.45/modules/pending/discord_desktop_core-1.zip: 62%
2024-03-17T04:44:59.660Z [Modules] Streaming discord_desktop_core@1 to /home/aaa/.config/discord/0.0.45/modules/pending/discord_desktop_core-1.zip: 64%
2024-03-17T04:44:59.870Z [Modules] Streaming discord_desktop_core@1 to /home/aaa/.config/discord/0.0.45/modules/pending/discord_desktop_core-1.zip: 65%
2024-03-17T04:45:00.057Z [Modules] Streaming discord_desktop_core@1 to /home/aaa/.config/discord/0.0.45/modules/pending/discord_desktop_core-1.zip: 66%
2024-03-17T04:45:00.262Z [Modules] Streaming discord_desktop_core@1 to /home/aaa/.config/discord/0.0.45/modules/pending/discord_desktop_core-1.zip: 68%
2024-03-17T04:45:00.273Z [Modules] Streaming discord_desktop_core@1 to /home/aaa/.config/discord/0.0.45/modules/pending/discord_desktop_core-1.zip: 70%
2024-03-17T04:45:00.442Z [Modules] Streaming discord_desktop_core@1 to /home/aaa/.config/discord/0.0.45/modules/pending/discord_desktop_core-1.zip: 71%
2024-03-17T04:45:00.687Z [Modules] Streaming discord_desktop_core@1 to /home/aaa/.config/discord/0.0.45/modules/pending/discord_desktop_core-1.zip: 74%
2024-03-17T04:45:00.847Z [Modules] Streaming discord_desktop_core@1 to /home/aaa/.config/discord/0.0.45/modules/pending/discord_desktop_core-1.zip: 77%
2024-03-17T04:45:00.973Z [Modules] Streaming discord_desktop_core@1 to /home/aaa/.config/discord/0.0.45/modules/pending/discord_desktop_core-1.zip: 78%
2024-03-17T04:45:01.038Z [Modules] Streaming discord_desktop_core@1 to /home/aaa/.config/discord/0.0.45/modules/pending/discord_desktop_core-1.zip: 79%
2024-03-17T04:45:01.090Z [Modules] Streaming discord_desktop_core@1 to /home/aaa/.config/discord/0.0.45/modules/pending/discord_desktop_core-1.zip: 80%
2024-03-17T04:45:01.687Z [Modules] Streaming discord_desktop_core@1 to /home/aaa/.config/discord/0.0.45/modules/pending/discord_desktop_core-1.zip: 83%
2024-03-17T04:45:01.855Z [Modules] Streaming discord_desktop_core@1 to /home/aaa/.config/discord/0.0.45/modules/pending/discord_desktop_core-1.zip: 84%
2024-03-17T04:45:01.940Z [Modules] Streaming discord_desktop_core@1 to /home/aaa/.config/discord/0.0.45/modules/pending/discord_desktop_core-1.zip: 85%
2024-03-17T04:45:01.957Z [Modules] Streaming discord_desktop_core@1 to /home/aaa/.config/discord/0.0.45/modules/pending/discord_desktop_core-1.zip: 86%
2024-03-17T04:45:01.969Z [Modules] Streaming discord_desktop_core@1 to /home/aaa/.config/discord/0.0.45/modules/pending/discord_desktop_core-1.zip: 87%
2024-03-17T04:45:02.042Z [Modules] Streaming discord_desktop_core@1 to /home/aaa/.config/discord/0.0.45/modules/pending/discord_desktop_core-1.zip: 88%
2024-03-17T04:45:02.105Z [Modules] Streaming discord_desktop_core@1 to /home/aaa/.config/discord/0.0.45/modules/pending/discord_desktop_core-1.zip: 89%
2024-03-17T04:45:02.429Z [Modules] Streaming discord_desktop_core@1 to /home/aaa/.config/discord/0.0.45/modules/pending/discord_desktop_core-1.zip: 91%
2024-03-17T04:45:02.912Z [Modules] Streaming discord_desktop_core@1 to /home/aaa/.config/discord/0.0.45/modules/pending/discord_desktop_core-1.zip: 94%
2024-03-17T04:45:02.926Z [Modules] Streaming discord_desktop_core@1 to /home/aaa/.config/discord/0.0.45/modules/pending/discord_desktop_core-1.zip: 95%
2024-03-17T04:45:03.022Z [Modules] Streaming discord_desktop_core@1 to /home/aaa/.config/discord/0.0.45/modules/pending/discord_desktop_core-1.zip: 96%
2024-03-17T04:45:03.092Z [Modules] Streaming discord_desktop_core@1 to /home/aaa/.config/discord/0.0.45/modules/pending/discord_desktop_core-1.zip: 97%
2024-03-17T04:45:03.629Z [Modules] Streaming discord_desktop_core@1 to /home/aaa/.config/discord/0.0.45/modules/pending/discord_desktop_core-1.zip: 98%
2024-03-17T04:45:03.639Z [Modules] Streaming discord_desktop_core@1 to /home/aaa/.config/discord/0.0.45/modules/pending/discord_desktop_core-1.zip: 100%
2024-03-17T04:45:03.643Z [Modules] Fetching discord_erlpack@1 from https://discord.com/api/modules/stable/discord_erlpack/1
2024-03-17T04:45:03.643Z [Modules] Streaming discord_erlpack@1 to /home/aaa/.config/discord/0.0.45/modules/pending/discord_erlpack-1.zip
2024-03-17T04:45:04.325Z [Modules] Streaming discord_erlpack@1 to /home/aaa/.config/discord/0.0.45/modules/pending/discord_erlpack-1.zip: 1%
2024-03-17T04:45:04.743Z [Modules] Streaming discord_erlpack@1 to /home/aaa/.config/discord/0.0.45/modules/pending/discord_erlpack-1.zip: 2%
2024-03-17T04:45:04.905Z [Modules] Streaming discord_erlpack@1 to /home/aaa/.config/discord/0.0.45/modules/pending/discord_erlpack-1.zip: 3%
2024-03-17T04:45:05.259Z [Modules] Streaming discord_erlpack@1 to /home/aaa/.config/discord/0.0.45/modules/pending/discord_erlpack-1.zip: 6%
2024-03-17T04:45:05.287Z [Modules] Streaming discord_erlpack@1 to /home/aaa/.config/discord/0.0.45/modules/pending/discord_erlpack-1.zip: 7%
2024-03-17T04:45:05.952Z [Modules] Streaming discord_erlpack@1 to /home/aaa/.config/discord/0.0.45/modules/pending/discord_erlpack-1.zip: 11%
2024-03-17T04:45:05.976Z [Modules] Streaming discord_erlpack@1 to /home/aaa/.config/discord/0.0.45/modules/pending/discord_erlpack-1.zip: 12%
2024-03-17T04:45:06.205Z [Modules] Streaming discord_erlpack@1 to /home/aaa/.config/discord/0.0.45/modules/pending/discord_erlpack-1.zip: 14%
2024-03-17T04:45:06.218Z [Modules] Streaming discord_erlpack@1 to /home/aaa/.config/discord/0.0.45/modules/pending/discord_erlpack-1.zip: 15%
2024-03-17T04:45:06.320Z [Modules] Streaming discord_erlpack@1 to /home/aaa/.config/discord/0.0.45/modules/pending/discord_erlpack-1.zip: 16%
2024-03-17T04:45:06.334Z [Modules] Streaming discord_erlpack@1 to /home/aaa/.config/discord/0.0.45/modules/pending/discord_erlpack-1.zip: 17%
2024-03-17T04:45:06.640Z [Modules] Streaming discord_erlpack@1 to /home/aaa/.config/discord/0.0.45/modules/pending/discord_erlpack-1.zip: 18%
2024-03-17T04:45:06.755Z [Modules] Streaming discord_erlpack@1 to /home/aaa/.config/discord/0.0.45/modules/pending/discord_erlpack-1.zip: 22%
2024-03-17T04:45:06.859Z [Modules] Streaming discord_erlpack@1 to /home/aaa/.config/discord/0.0.45/modules/pending/discord_erlpack-1.zip: 23%
2024-03-17T04:45:06.918Z [Modules] Streaming discord_erlpack@1 to /home/aaa/.config/discord/0.0.45/modules/pending/discord_erlpack-1.zip: 24%
2024-03-17T04:45:06.978Z [Modules] Streaming discord_erlpack@1 to /home/aaa/.config/discord/0.0.45/modules/pending/discord_erlpack-1.zip: 25%
2024-03-17T04:45:07.011Z [Modules] Streaming discord_erlpack@1 to /home/aaa/.config/discord/0.0.45/modules/pending/discord_erlpack-1.zip: 26%
2024-03-17T04:45:07.620Z [Modules] Streaming discord_erlpack@1 to /home/aaa/.config/discord/0.0.45/modules/pending/discord_erlpack-1.zip: 29%
2024-03-17T04:45:07.621Z [Modules] Streaming discord_erlpack@1 to /home/aaa/.config/discord/0.0.45/modules/pending/discord_erlpack-1.zip: 30%
2024-03-17T04:45:07.859Z [Modules] Streaming discord_erlpack@1 to /home/aaa/.config/discord/0.0.45/modules/pending/discord_erlpack-1.zip: 31%
2024-03-17T04:45:07.878Z [Modules] Streaming discord_erlpack@1 to /home/aaa/.config/discord/0.0.45/modules/pending/discord_erlpack-1.zip: 33%
2024-03-17T04:45:07.952Z [Modules] Streaming discord_erlpack@1 to /home/aaa/.config/discord/0.0.45/modules/pending/discord_erlpack-1.zip: 34%
2024-03-17T04:45:08.357Z [Modules] Streaming discord_erlpack@1 to /home/aaa/.config/discord/0.0.45/modules/pending/discord_erlpack-1.zip: 37%
2024-03-17T04:45:08.502Z [Modules] Streaming discord_erlpack@1 to /home/aaa/.config/discord/0.0.45/modules/pending/discord_erlpack-1.zip: 40%
2024-03-17T04:45:08.673Z [Modules] Streaming discord_erlpack@1 to /home/aaa/.config/discord/0.0.45/modules/pending/discord_erlpack-1.zip: 43%
2024-03-17T04:45:08.894Z [Modules] Streaming discord_erlpack@1 to /home/aaa/.config/discord/0.0.45/modules/pending/discord_erlpack-1.zip: 46%
2024-03-17T04:45:08.984Z [Modules] Streaming discord_erlpack@1 to /home/aaa/.config/discord/0.0.45/modules/pending/discord_erlpack-1.zip: 47%
2024-03-17T04:45:09.548Z [Modules] Streaming discord_erlpack@1 to /home/aaa/.config/discord/0.0.45/modules/pending/discord_erlpack-1.zip: 51%
2024-03-17T04:45:09.549Z [Modules] Streaming discord_erlpack@1 to /home/aaa/.config/discord/0.0.45/modules/pending/discord_erlpack-1.zip: 55%
2024-03-17T04:45:09.588Z [Modules] Streaming discord_erlpack@1 to /home/aaa/.config/discord/0.0.45/modules/pending/discord_erlpack-1.zip: 57%
2024-03-17T04:45:09.664Z [Modules] Streaming discord_erlpack@1 to /home/aaa/.config/discord/0.0.45/modules/pending/discord_erlpack-1.zip: 58%
2024-03-17T04:45:10.077Z [Modules] Streaming discord_erlpack@1 to /home/aaa/.config/discord/0.0.45/modules/pending/discord_erlpack-1.zip: 60%
2024-03-17T04:45:10.209Z [Modules] Streaming discord_erlpack@1 to /home/aaa/.config/discord/0.0.45/modules/pending/discord_erlpack-1.zip: 63%
2024-03-17T04:45:10.519Z [Modules] Streaming discord_erlpack@1 to /home/aaa/.config/discord/0.0.45/modules/pending/discord_erlpack-1.zip: 65%
2024-03-17T04:45:10.732Z [Modules] Streaming discord_erlpack@1 to /home/aaa/.config/discord/0.0.45/modules/pending/discord_erlpack-1.zip: 66%
2024-03-17T04:45:10.929Z [Modules] Streaming discord_erlpack@1 to /home/aaa/.config/discord/0.0.45/modules/pending/discord_erlpack-1.zip: 68%
2024-03-17T04:45:11.216Z [Modules] Streaming discord_erlpack@1 to /home/aaa/.config/discord/0.0.45/modules/pending/discord_erlpack-1.zip: 71%
2024-03-17T04:45:11.218Z [Modules] Streaming discord_erlpack@1 to /home/aaa/.config/discord/0.0.45/modules/pending/discord_erlpack-1.zip: 72%
2024-03-17T04:45:11.272Z [Modules] Streaming discord_erlpack@1 to /home/aaa/.config/discord/0.0.45/modules/pending/discord_erlpack-1.zip: 73%
2024-03-17T04:45:11.608Z [Modules] Streaming discord_erlpack@1 to /home/aaa/.config/discord/0.0.45/modules/pending/discord_erlpack-1.zip: 75%
2024-03-17T04:45:11.850Z [Modules] Streaming discord_erlpack@1 to /home/aaa/.config/discord/0.0.45/modules/pending/discord_erlpack-1.zip: 77%
2024-03-17T04:45:11.861Z [Modules] Streaming discord_erlpack@1 to /home/aaa/.config/discord/0.0.45/modules/pending/discord_erlpack-1.zip: 79%
2024-03-17T04:45:11.993Z [Modules] Streaming discord_erlpack@1 to /home/aaa/.config/discord/0.0.45/modules/pending/discord_erlpack-1.zip: 81%
2024-03-17T04:45:12.417Z [Modules] Streaming discord_erlpack@1 to /home/aaa/.config/discord/0.0.45/modules/pending/discord_erlpack-1.zip: 83%
2024-03-17T04:45:12.561Z [Modules] Streaming discord_erlpack@1 to /home/aaa/.config/discord/0.0.45/modules/pending/discord_erlpack-1.zip: 86%
2024-03-17T04:45:12.589Z [Modules] Streaming discord_erlpack@1 to /home/aaa/.config/discord/0.0.45/modules/pending/discord_erlpack-1.zip: 87%
2024-03-17T04:45:12.598Z [Modules] Streaming discord_erlpack@1 to /home/aaa/.config/discord/0.0.45/modules/pending/discord_erlpack-1.zip: 88%
2024-03-17T04:45:12.864Z [Modules] Streaming discord_erlpack@1 to /home/aaa/.config/discord/0.0.45/modules/pending/discord_erlpack-1.zip: 89%
2024-03-17T04:45:13.247Z [Modules] Streaming discord_erlpack@1 to /home/aaa/.config/discord/0.0.45/modules/pending/discord_erlpack-1.zip: 92%
2024-03-17T04:45:13.397Z [Modules] Streaming discord_erlpack@1 to /home/aaa/.config/discord/0.0.45/modules/pending/discord_erlpack-1.zip: 94%
2024-03-17T04:45:13.407Z [Modules] Streaming discord_erlpack@1 to /home/aaa/.config/discord/0.0.45/modules/pending/discord_erlpack-1.zip: 95%
2024-03-17T04:45:13.457Z [Modules] Streaming discord_erlpack@1 to /home/aaa/.config/discord/0.0.45/modules/pending/discord_erlpack-1.zip: 96%
2024-03-17T04:45:13.548Z [Modules] Streaming discord_erlpack@1 to /home/aaa/.config/discord/0.0.45/modules/pending/discord_erlpack-1.zip: 98%
2024-03-17T04:45:13.615Z [Modules] Streaming discord_erlpack@1 to /home/aaa/.config/discord/0.0.45/modules/pending/discord_erlpack-1.zip: 99%
2024-03-17T04:45:13.626Z [Modules] Streaming discord_erlpack@1 to /home/aaa/.config/discord/0.0.45/modules/pending/discord_erlpack-1.zip: 100%
2024-03-17T04:45:13.640Z [Modules] Fetching discord_spellcheck@1 from https://discord.com/api/modules/stable/discord_spellcheck/1
2024-03-17T04:45:13.640Z [Modules] Streaming discord_spellcheck@1 to /home/aaa/.config/discord/0.0.45/modules/pending/discord_spellcheck-1.zip
2024-03-17T04:45:15.271Z [Modules] Streaming discord_spellcheck@1 to /home/aaa/.config/discord/0.0.45/modules/pending/discord_spellcheck-1.zip: 1%
2024-03-17T04:45:15.371Z [Modules] Streaming discord_spellcheck@1 to /home/aaa/.config/discord/0.0.45/modules/pending/discord_spellcheck-1.zip: 2%
2024-03-17T04:45:16.332Z [Modules] Streaming discord_spellcheck@1 to /home/aaa/.config/discord/0.0.45/modules/pending/discord_spellcheck-1.zip: 3%
2024-03-17T04:45:16.472Z [Modules] Streaming discord_spellcheck@1 to /home/aaa/.config/discord/0.0.45/modules/pending/discord_spellcheck-1.zip: 4%
2024-03-17T04:45:16.925Z [Modules] Streaming discord_spellcheck@1 to /home/aaa/.config/discord/0.0.45/modules/pending/discord_spellcheck-1.zip: 5%
2024-03-17T04:45:17.499Z [Modules] Streaming discord_spellcheck@1 to /home/aaa/.config/discord/0.0.45/modules/pending/discord_spellcheck-1.zip: 6%
2024-03-17T04:45:17.994Z [Modules] Streaming discord_spellcheck@1 to /home/aaa/.config/discord/0.0.45/modules/pending/discord_spellcheck-1.zip: 7%
2024-03-17T04:45:18.648Z [Modules] Streaming discord_spellcheck@1 to /home/aaa/.config/discord/0.0.45/modules/pending/discord_spellcheck-1.zip: 8%
2024-03-17T04:45:18.875Z [Modules] Streaming discord_spellcheck@1 to /home/aaa/.config/discord/0.0.45/modules/pending/discord_spellcheck-1.zip: 9%
2024-03-17T04:45:19.184Z [Modules] Streaming discord_spellcheck@1 to /home/aaa/.config/discord/0.0.45/modules/pending/discord_spellcheck-1.zip: 10%
2024-03-17T04:45:19.563Z [Modules] Streaming discord_spellcheck@1 to /home/aaa/.config/discord/0.0.45/modules/pending/discord_spellcheck-1.zip: 11%
2024-03-17T04:45:20.645Z [Modules] Streaming discord_spellcheck@1 to /home/aaa/.config/discord/0.0.45/modules/pending/discord_spellcheck-1.zip: 12%
2024-03-17T04:45:21.301Z [Modules] Streaming discord_spellcheck@1 to /home/aaa/.config/discord/0.0.45/modules/pending/discord_spellcheck-1.zip: 13%
2024-03-17T04:45:21.996Z [Modules] Streaming discord_spellcheck@1 to /home/aaa/.config/discord/0.0.45/modules/pending/discord_spellcheck-1.zip: 14%
2024-03-17T04:45:22.734Z [Modules] Streaming discord_spellcheck@1 to /home/aaa/.config/discord/0.0.45/modules/pending/discord_spellcheck-1.zip: 15%
2024-03-17T04:45:23.011Z [Modules] Streaming discord_spellcheck@1 to /home/aaa/.config/discord/0.0.45/modules/pending/discord_spellcheck-1.zip: 16%
2024-03-17T04:45:24.054Z [Modules] Streaming discord_spellcheck@1 to /home/aaa/.config/discord/0.0.45/modules/pending/discord_spellcheck-1.zip: 17%
2024-03-17T04:45:25.280Z [Modules] Streaming discord_spellcheck@1 to /home/aaa/.config/discord/0.0.45/modules/pending/discord_spellcheck-1.zip: 18%
2024-03-17T04:45:26.378Z [Modules] Streaming discord_spellcheck@1 to /home/aaa/.config/discord/0.0.45/modules/pending/discord_spellcheck-1.zip: 19%
2024-03-17T04:45:27.453Z [Modules] Streaming discord_spellcheck@1 to /home/aaa/.config/discord/0.0.45/modules/pending/discord_spellcheck-1.zip: 20%
2024-03-17T04:45:28.703Z [Modules] Streaming discord_spellcheck@1 to /home/aaa/.config/discord/0.0.45/modules/pending/discord_spellcheck-1.zip: 21%
2024-03-17T04:45:29.249Z [Modules] Streaming discord_spellcheck@1 to /home/aaa/.config/discord/0.0.45/modules/pending/discord_spellcheck-1.zip: 22%
2024-03-17T04:45:29.991Z [Modules] Streaming discord_spellcheck@1 to /home/aaa/.config/discord/0.0.45/modules/pending/discord_spellcheck-1.zip: 23%
2024-03-17T04:45:30.791Z [Modules] Streaming discord_spellcheck@1 to /home/aaa/.config/discord/0.0.45/modules/pending/discord_spellcheck-1.zip: 24%
2024-03-17T04:45:31.788Z [Modules] Streaming discord_spellcheck@1 to /home/aaa/.config/discord/0.0.45/modules/pending/discord_spellcheck-1.zip: 25%
2024-03-17T04:45:32.833Z [Modules] Streaming discord_spellcheck@1 to /home/aaa/.config/discord/0.0.45/modules/pending/discord_spellcheck-1.zip: 26%
2024-03-17T04:45:33.199Z [Modules] Streaming discord_spellcheck@1 to /home/aaa/.config/discord/0.0.45/modules/pending/discord_spellcheck-1.zip: 27%
2024-03-17T04:45:34.243Z [Modules] Streaming discord_spellcheck@1 to /home/aaa/.config/discord/0.0.45/modules/pending/discord_spellcheck-1.zip: 28%
2024-03-17T04:45:35.556Z [Modules] Streaming discord_spellcheck@1 to /home/aaa/.config/discord/0.0.45/modules/pending/discord_spellcheck-1.zip: 29%
2024-03-17T04:45:35.892Z [Modules] Streaming discord_spellcheck@1 to /home/aaa/.config/discord/0.0.45/modules/pending/discord_spellcheck-1.zip: 30%
2024-03-17T04:45:36.770Z [Modules] Streaming discord_spellcheck@1 to /home/aaa/.config/discord/0.0.45/modules/pending/discord_spellcheck-1.zip: 31%
2024-03-17T04:45:37.722Z [Modules] Streaming discord_spellcheck@1 to /home/aaa/.config/discord/0.0.45/modules/pending/discord_spellcheck-1.zip: 32%
2024-03-17T04:45:40.307Z [Modules] Streaming discord_spellcheck@1 to /home/aaa/.config/discord/0.0.45/modules/pending/discord_spellcheck-1.zip: 33%
2024-03-17T04:45:40.309Z [Modules] Streaming discord_spellcheck@1 to /home/aaa/.config/discord/0.0.45/modules/pending/discord_spellcheck-1.zip: 34%
2024-03-17T04:45:41.153Z [Modules] Streaming discord_spellcheck@1 to /home/aaa/.config/discord/0.0.45/modules/pending/discord_spellcheck-1.zip: 35%
2024-03-17T04:45:42.235Z [Modules] Streaming discord_spellcheck@1 to /home/aaa/.config/discord/0.0.45/modules/pending/discord_spellcheck-1.zip: 36%
2024-03-17T04:45:43.143Z [Modules] Streaming discord_spellcheck@1 to /home/aaa/.config/discord/0.0.45/modules/pending/discord_spellcheck-1.zip: 37%
2024-03-17T04:45:44.699Z [Modules] Streaming discord_spellcheck@1 to /home/aaa/.config/discord/0.0.45/modules/pending/discord_spellcheck-1.zip: 38%
2024-03-17T04:45:45.747Z [Modules] Streaming discord_spellcheck@1 to /home/aaa/.config/discord/0.0.45/modules/pending/discord_spellcheck-1.zip: 39%
2024-03-17T04:45:46.547Z [Modules] Streaming discord_spellcheck@1 to /home/aaa/.config/discord/0.0.45/modules/pending/discord_spellcheck-1.zip: 40%
2024-03-17T04:45:47.718Z [Modules] Streaming discord_spellcheck@1 to /home/aaa/.config/discord/0.0.45/modules/pending/discord_spellcheck-1.zip: 41%
2024-03-17T04:45:49.654Z [Modules] Streaming discord_spellcheck@1 to /home/aaa/.config/discord/0.0.45/modules/pending/discord_spellcheck-1.zip: 42%
2024-03-17T04:45:51.037Z [Modules] Streaming discord_spellcheck@1 to /home/aaa/.config/discord/0.0.45/modules/pending/discord_spellcheck-1.zip: 43%
2024-03-17T04:45:52.775Z [Modules] Streaming discord_spellcheck@1 to /home/aaa/.config/discord/0.0.45/modules/pending/discord_spellcheck-1.zip: 44%
2024-03-17T04:45:54.005Z [Modules] Streaming discord_spellcheck@1 to /home/aaa/.config/discord/0.0.45/modules/pending/discord_spellcheck-1.zip: 45%
2024-03-17T04:45:55.677Z [Modules] Streaming discord_spellcheck@1 to /home/aaa/.config/discord/0.0.45/modules/pending/discord_spellcheck-1.zip: 46%
2024-03-17T04:45:57.166Z [Modules] Streaming discord_spellcheck@1 to /home/aaa/.config/discord/0.0.45/modules/pending/discord_spellcheck-1.zip: 47%
2024-03-17T04:45:58.175Z [Modules] Streaming discord_spellcheck@1 to /home/aaa/.config/discord/0.0.45/modules/pending/discord_spellcheck-1.zip: 48%
2024-03-17T04:45:59.526Z [Modules] Streaming discord_spellcheck@1 to /home/aaa/.config/discord/0.0.45/modules/pending/discord_spellcheck-1.zip: 49%
2024-03-17T04:46:01.379Z [Modules] Streaming discord_spellcheck@1 to /home/aaa/.config/discord/0.0.45/modules/pending/discord_spellcheck-1.zip: 50%
2024-03-17T04:46:03.521Z [Modules] Streaming discord_spellcheck@1 to /home/aaa/.config/discord/0.0.45/modules/pending/discord_spellcheck-1.zip: 51%
2024-03-17T04:46:05.257Z [Modules] Streaming discord_spellcheck@1 to /home/aaa/.config/discord/0.0.45/modules/pending/discord_spellcheck-1.zip: 52%
2024-03-17T04:46:06.959Z [Modules] Streaming discord_spellcheck@1 to /home/aaa/.config/discord/0.0.45/modules/pending/discord_spellcheck-1.zip: 53%
2024-03-17T04:46:08.901Z [Modules] Streaming discord_spellcheck@1 to /home/aaa/.config/discord/0.0.45/modules/pending/discord_spellcheck-1.zip: 54%
2024-03-17T04:46:10.653Z [Modules] Streaming discord_spellcheck@1 to /home/aaa/.config/discord/0.0.45/modules/pending/discord_spellcheck-1.zip: 55%
2024-03-17T04:46:12.085Z [Modules] Streaming discord_spellcheck@1 to /home/aaa/.config/discord/0.0.45/modules/pending/discord_spellcheck-1.zip: 56%
2024-03-17T04:46:13.743Z [Modules] Streaming discord_spellcheck@1 to /home/aaa/.config/discord/0.0.45/modules/pending/discord_spellcheck-1.zip: 57%
2024-03-17T04:46:14.945Z [Modules] Streaming discord_spellcheck@1 to /home/aaa/.config/discord/0.0.45/modules/pending/discord_spellcheck-1.zip: 58%
2024-03-17T04:46:16.161Z [Modules] Streaming discord_spellcheck@1 to /home/aaa/.config/discord/0.0.45/modules/pending/discord_spellcheck-1.zip: 59%
2024-03-17T04:46:17.802Z [Modules] Streaming discord_spellcheck@1 to /home/aaa/.config/discord/0.0.45/modules/pending/discord_spellcheck-1.zip: 60%
2024-03-17T04:46:18.283Z [Modules] Streaming discord_spellcheck@1 to /home/aaa/.config/discord/0.0.45/modules/pending/discord_spellcheck-1.zip: 61%
2024-03-17T04:46:20.006Z [Modules] Streaming discord_spellcheck@1 to /home/aaa/.config/discord/0.0.45/modules/pending/discord_spellcheck-1.zip: 62%
2024-03-17T04:46:21.202Z [Modules] Streaming discord_spellcheck@1 to /home/aaa/.config/discord/0.0.45/modules/pending/discord_spellcheck-1.zip: 63%
2024-03-17T04:46:22.578Z [Modules] Streaming discord_spellcheck@1 to /home/aaa/.config/discord/0.0.45/modules/pending/discord_spellcheck-1.zip: 64%
2024-03-17T04:46:23.905Z [Modules] Streaming discord_spellcheck@1 to /home/aaa/.config/discord/0.0.45/modules/pending/discord_spellcheck-1.zip: 65%
2024-03-17T04:46:25.309Z [Modules] Streaming discord_spellcheck@1 to /home/aaa/.config/discord/0.0.45/modules/pending/discord_spellcheck-1.zip: 66%
2024-03-17T04:46:26.692Z [Modules] Streaming discord_spellcheck@1 to /home/aaa/.config/discord/0.0.45/modules/pending/discord_spellcheck-1.zip: 67%
2024-03-17T04:46:28.983Z [Modules] Streaming discord_spellcheck@1 to /home/aaa/.config/discord/0.0.45/modules/pending/discord_spellcheck-1.zip: 68%
2024-03-17T04:46:30.164Z [Modules] Streaming discord_spellcheck@1 to /home/aaa/.config/discord/0.0.45/modules/pending/discord_spellcheck-1.zip: 69%
2024-03-17T04:46:31.864Z [Modules] Streaming discord_spellcheck@1 to /home/aaa/.config/discord/0.0.45/modules/pending/discord_spellcheck-1.zip: 70%
2024-03-17T04:46:33.152Z [Modules] Streaming discord_spellcheck@1 to /home/aaa/.config/discord/0.0.45/modules/pending/discord_spellcheck-1.zip: 71%
2024-03-17T04:46:35.295Z [Modules] Streaming discord_spellcheck@1 to /home/aaa/.config/discord/0.0.45/modules/pending/discord_spellcheck-1.zip: 72%
2024-03-17T04:46:37.504Z [Modules] Streaming discord_spellcheck@1 to /home/aaa/.config/discord/0.0.45/modules/pending/discord_spellcheck-1.zip: 73%
2024-03-17T04:46:39.796Z [Modules] Streaming discord_spellcheck@1 to /home/aaa/.config/discord/0.0.45/modules/pending/discord_spellcheck-1.zip: 74%
2024-03-17T04:46:41.743Z [Modules] Streaming discord_spellcheck@1 to /home/aaa/.config/discord/0.0.45/modules/pending/discord_spellcheck-1.zip: 75%
2024-03-17T04:46:44.908Z [Modules] Streaming discord_spellcheck@1 to /home/aaa/.config/discord/0.0.45/modules/pending/discord_spellcheck-1.zip: 76%
2024-03-17T04:46:47.428Z [Modules] Streaming discord_spellcheck@1 to /home/aaa/.config/discord/0.0.45/modules/pending/discord_spellcheck-1.zip: 77%
2024-03-17T04:46:49.621Z [Modules] Streaming discord_spellcheck@1 to /home/aaa/.config/discord/0.0.45/modules/pending/discord_spellcheck-1.zip: 78%
2024-03-17T04:46:52.212Z [Modules] Streaming discord_spellcheck@1 to /home/aaa/.config/discord/0.0.45/modules/pending/discord_spellcheck-1.zip: 79%
2024-03-17T04:46:54.386Z [Modules] Streaming discord_spellcheck@1 to /home/aaa/.config/discord/0.0.45/modules/pending/discord_spellcheck-1.zip: 80%
2024-03-17T04:46:57.217Z [Modules] Streaming discord_spellcheck@1 to /home/aaa/.config/discord/0.0.45/modules/pending/discord_spellcheck-1.zip: 81%
2024-03-17T04:47:00.235Z [Modules] Streaming discord_spellcheck@1 to /home/aaa/.config/discord/0.0.45/modules/pending/discord_spellcheck-1.zip: 82%
2024-03-17T04:47:02.680Z [Modules] Streaming discord_spellcheck@1 to /home/aaa/.config/discord/0.0.45/modules/pending/discord_spellcheck-1.zip: 83%
2024-03-17T04:47:05.314Z [Modules] Streaming discord_spellcheck@1 to /home/aaa/.config/discord/0.0.45/modules/pending/discord_spellcheck-1.zip: 84%
2024-03-17T04:47:10.781Z [Modules] Streaming discord_spellcheck@1 to /home/aaa/.config/discord/0.0.45/modules/pending/discord_spellcheck-1.zip: 85%
2024-03-17T04:47:15.086Z [Modules] Streaming discord_spellcheck@1 to /home/aaa/.config/discord/0.0.45/modules/pending/discord_spellcheck-1.zip: 86%
2024-03-17T04:47:18.820Z [Modules] Streaming discord_spellcheck@1 to /home/aaa/.config/discord/0.0.45/modules/pending/discord_spellcheck-1.zip: 87%
2024-03-17T04:47:23.746Z [Modules] Streaming discord_spellcheck@1 to /home/aaa/.config/discord/0.0.45/modules/pending/discord_spellcheck-1.zip: 88%
2024-03-17T04:47:27.469Z [Modules] Streaming discord_spellcheck@1 to /home/aaa/.config/discord/0.0.45/modules/pending/discord_spellcheck-1.zip: 89%
2024-03-17T04:47:32.056Z [Modules] Streaming discord_spellcheck@1 to /home/aaa/.config/discord/0.0.45/modules/pending/discord_spellcheck-1.zip: 90%
2024-03-17T04:47:38.269Z [Modules] Streaming discord_spellcheck@1 to /home/aaa/.config/discord/0.0.45/modules/pending/discord_spellcheck-1.zip: 91%
2024-03-17T04:47:43.420Z [Modules] Streaming discord_spellcheck@1 to /home/aaa/.config/discord/0.0.45/modules/pending/discord_spellcheck-1.zip: 92%
2024-03-17T04:47:47.901Z [Modules] Streaming discord_spellcheck@1 to /home/aaa/.config/discord/0.0.45/modules/pending/discord_spellcheck-1.zip: 93%
2024-03-17T04:47:53.844Z [Modules] Streaming discord_spellcheck@1 to /home/aaa/.config/discord/0.0.45/modules/pending/discord_spellcheck-1.zip: 94%
2024-03-17T04:47:59.711Z [Modules] Streaming discord_spellcheck@1 to /home/aaa/.config/discord/0.0.45/modules/pending/discord_spellcheck-1.zip: 95%
2024-03-17T04:48:05.732Z [Modules] Streaming discord_spellcheck@1 to /home/aaa/.config/discord/0.0.45/modules/pending/discord_spellcheck-1.zip: 96%
2024-03-17T04:48:09.897Z [Modules] Streaming discord_spellcheck@1 to /home/aaa/.config/discord/0.0.45/modules/pending/discord_spellcheck-1.zip: 97%
2024-03-17T04:48:13.939Z [Modules] Streaming discord_spellcheck@1 to /home/aaa/.config/discord/0.0.45/modules/pending/discord_spellcheck-1.zip: 98%
2024-03-17T04:48:19.395Z [Modules] Streaming discord_spellcheck@1 to /home/aaa/.config/discord/0.0.45/modules/pending/discord_spellcheck-1.zip: 99%
2024-03-17T04:48:22.777Z [Modules] Streaming discord_spellcheck@1 to /home/aaa/.config/discord/0.0.45/modules/pending/discord_spellcheck-1.zip: 100%
2024-03-17T04:48:22.779Z [Modules] Fetching discord_utils@1 from https://discord.com/api/modules/stable/discord_utils/1
2024-03-17T04:48:22.780Z [Modules] Streaming discord_utils@1 to /home/aaa/.config/discord/0.0.45/modules/pending/discord_utils-1.zip
2024-03-17T04:48:25.281Z [Modules] Streaming discord_utils@1 to /home/aaa/.config/discord/0.0.45/modules/pending/discord_utils-1.zip: 1%
2024-03-17T04:48:25.808Z [Modules] Streaming discord_utils@1 to /home/aaa/.config/discord/0.0.45/modules/pending/discord_utils-1.zip: 2%
2024-03-17T04:48:27.498Z [Modules] Streaming discord_utils@1 to /home/aaa/.config/discord/0.0.45/modules/pending/discord_utils-1.zip: 3%
2024-03-17T04:48:28.069Z [Modules] Streaming discord_utils@1 to /home/aaa/.config/discord/0.0.45/modules/pending/discord_utils-1.zip: 4%
2024-03-17T04:48:29.079Z [Modules] Streaming discord_utils@1 to /home/aaa/.config/discord/0.0.45/modules/pending/discord_utils-1.zip: 5%
2024-03-17T04:48:29.673Z [Modules] Streaming discord_utils@1 to /home/aaa/.config/discord/0.0.45/modules/pending/discord_utils-1.zip: 6%
2024-03-17T04:48:30.398Z [Modules] Streaming discord_utils@1 to /home/aaa/.config/discord/0.0.45/modules/pending/discord_utils-1.zip: 7%
2024-03-17T04:48:31.154Z [Modules] Streaming discord_utils@1 to /home/aaa/.config/discord/0.0.45/modules/pending/discord_utils-1.zip: 8%
2024-03-17T04:48:31.693Z [Modules] Streaming discord_utils@1 to /home/aaa/.config/discord/0.0.45/modules/pending/discord_utils-1.zip: 9%
2024-03-17T04:48:32.133Z [Modules] Streaming discord_utils@1 to /home/aaa/.config/discord/0.0.45/modules/pending/discord_utils-1.zip: 10%
2024-03-17T04:48:32.264Z [Modules] Streaming discord_utils@1 to /home/aaa/.config/discord/0.0.45/modules/pending/discord_utils-1.zip: 11%
2024-03-17T04:48:32.805Z [Modules] Streaming discord_utils@1 to /home/aaa/.config/discord/0.0.45/modules/pending/discord_utils-1.zip: 12%
2024-03-17T04:48:33.759Z [Modules] Streaming discord_utils@1 to /home/aaa/.config/discord/0.0.45/modules/pending/discord_utils-1.zip: 13%
2024-03-17T04:48:34.220Z [Modules] Streaming discord_utils@1 to /home/aaa/.config/discord/0.0.45/modules/pending/discord_utils-1.zip: 14%
2024-03-17T04:48:34.712Z [Modules] Streaming discord_utils@1 to /home/aaa/.config/discord/0.0.45/modules/pending/discord_utils-1.zip: 15%
2024-03-17T04:48:35.335Z [Modules] Streaming discord_utils@1 to /home/aaa/.config/discord/0.0.45/modules/pending/discord_utils-1.zip: 16%
2024-03-17T04:48:35.445Z [Modules] Streaming discord_utils@1 to /home/aaa/.config/discord/0.0.45/modules/pending/discord_utils-1.zip: 17%
2024-03-17T04:48:36.001Z [Modules] Streaming discord_utils@1 to /home/aaa/.config/discord/0.0.45/modules/pending/discord_utils-1.zip: 18%
2024-03-17T04:48:36.325Z [Modules] Streaming discord_utils@1 to /home/aaa/.config/discord/0.0.45/modules/pending/discord_utils-1.zip: 19%
2024-03-17T04:48:36.823Z [Modules] Streaming discord_utils@1 to /home/aaa/.config/discord/0.0.45/modules/pending/discord_utils-1.zip: 21%
2024-03-17T04:48:37.088Z [Modules] Streaming discord_utils@1 to /home/aaa/.config/discord/0.0.45/modules/pending/discord_utils-1.zip: 22%
2024-03-17T04:48:37.343Z [Modules] Streaming discord_utils@1 to /home/aaa/.config/discord/0.0.45/modules/pending/discord_utils-1.zip: 23%
2024-03-17T04:48:37.962Z [Modules] Streaming discord_utils@1 to /home/aaa/.config/discord/0.0.45/modules/pending/discord_utils-1.zip: 24%
2024-03-17T04:48:38.219Z [Modules] Streaming discord_utils@1 to /home/aaa/.config/discord/0.0.45/modules/pending/discord_utils-1.zip: 25%
2024-03-17T04:48:38.479Z [Modules] Streaming discord_utils@1 to /home/aaa/.config/discord/0.0.45/modules/pending/discord_utils-1.zip: 26%
2024-03-17T04:48:38.744Z [Modules] Streaming discord_utils@1 to /home/aaa/.config/discord/0.0.45/modules/pending/discord_utils-1.zip: 27%
2024-03-17T04:48:39.242Z [Modules] Streaming discord_utils@1 to /home/aaa/.config/discord/0.0.45/modules/pending/discord_utils-1.zip: 28%
2024-03-17T04:48:39.447Z [Modules] Streaming discord_utils@1 to /home/aaa/.config/discord/0.0.45/modules/pending/discord_utils-1.zip: 30%
2024-03-17T04:48:40.038Z [Modules] Streaming discord_utils@1 to /home/aaa/.config/discord/0.0.45/modules/pending/discord_utils-1.zip: 31%
2024-03-17T04:48:40.493Z [Modules] Streaming discord_utils@1 to /home/aaa/.config/discord/0.0.45/modules/pending/discord_utils-1.zip: 32%
2024-03-17T04:48:40.614Z [Modules] Streaming discord_utils@1 to /home/aaa/.config/discord/0.0.45/modules/pending/discord_utils-1.zip: 33%
2024-03-17T04:48:41.301Z [Modules] Streaming discord_utils@1 to /home/aaa/.config/discord/0.0.45/modules/pending/discord_utils-1.zip: 34%
2024-03-17T04:48:41.773Z [Modules] Streaming discord_utils@1 to /home/aaa/.config/discord/0.0.45/modules/pending/discord_utils-1.zip: 35%
2024-03-17T04:48:41.989Z [Modules] Streaming discord_utils@1 to /home/aaa/.config/discord/0.0.45/modules/pending/discord_utils-1.zip: 36%
2024-03-17T04:48:42.569Z [Modules] Streaming discord_utils@1 to /home/aaa/.config/discord/0.0.45/modules/pending/discord_utils-1.zip: 37%
2024-03-17T04:48:42.948Z [Modules] Streaming discord_utils@1 to /home/aaa/.config/discord/0.0.45/modules/pending/discord_utils-1.zip: 38%
2024-03-17T04:48:43.388Z [Modules] Streaming discord_utils@1 to /home/aaa/.config/discord/0.0.45/modules/pending/discord_utils-1.zip: 40%
2024-03-17T04:48:43.813Z [Modules] Streaming discord_utils@1 to /home/aaa/.config/discord/0.0.45/modules/pending/discord_utils-1.zip: 41%
2024-03-17T04:48:44.123Z [Modules] Streaming discord_utils@1 to /home/aaa/.config/discord/0.0.45/modules/pending/discord_utils-1.zip: 42%
2024-03-17T04:48:44.876Z [Modules] Streaming discord_utils@1 to /home/aaa/.config/discord/0.0.45/modules/pending/discord_utils-1.zip: 43%
2024-03-17T04:48:44.962Z [Modules] Streaming discord_utils@1 to /home/aaa/.config/discord/0.0.45/modules/pending/discord_utils-1.zip: 44%
2024-03-17T04:48:45.408Z [Modules] Streaming discord_utils@1 to /home/aaa/.config/discord/0.0.45/modules/pending/discord_utils-1.zip: 45%
2024-03-17T04:48:45.798Z [Modules] Streaming discord_utils@1 to /home/aaa/.config/discord/0.0.45/modules/pending/discord_utils-1.zip: 46%
2024-03-17T04:48:46.269Z [Modules] Streaming discord_utils@1 to /home/aaa/.config/discord/0.0.45/modules/pending/discord_utils-1.zip: 47%
2024-03-17T04:48:46.443Z [Modules] Streaming discord_utils@1 to /home/aaa/.config/discord/0.0.45/modules/pending/discord_utils-1.zip: 48%
2024-03-17T04:48:47.213Z [Modules] Streaming discord_utils@1 to /home/aaa/.config/discord/0.0.45/modules/pending/discord_utils-1.zip: 49%
2024-03-17T04:48:47.639Z [Modules] Streaming discord_utils@1 to /home/aaa/.config/discord/0.0.45/modules/pending/discord_utils-1.zip: 50%
2024-03-17T04:48:47.974Z [Modules] Streaming discord_utils@1 to /home/aaa/.config/discord/0.0.45/modules/pending/discord_utils-1.zip: 51%
2024-03-17T04:48:48.411Z [Modules] Streaming discord_utils@1 to /home/aaa/.config/discord/0.0.45/modules/pending/discord_utils-1.zip: 52%
2024-03-17T04:48:49.069Z [Modules] Streaming discord_utils@1 to /home/aaa/.config/discord/0.0.45/modules/pending/discord_utils-1.zip: 53%
2024-03-17T04:48:49.374Z [Modules] Streaming discord_utils@1 to /home/aaa/.config/discord/0.0.45/modules/pending/discord_utils-1.zip: 54%
2024-03-17T04:48:49.938Z [Modules] Streaming discord_utils@1 to /home/aaa/.config/discord/0.0.45/modules/pending/discord_utils-1.zip: 55%
2024-03-17T04:48:50.285Z [Modules] Streaming discord_utils@1 to /home/aaa/.config/discord/0.0.45/modules/pending/discord_utils-1.zip: 56%
2024-03-17T04:48:50.838Z [Modules] Streaming discord_utils@1 to /home/aaa/.config/discord/0.0.45/modules/pending/discord_utils-1.zip: 57%
2024-03-17T04:48:51.751Z [Modules] Streaming discord_utils@1 to /home/aaa/.config/discord/0.0.45/modules/pending/discord_utils-1.zip: 58%
2024-03-17T04:48:52.345Z [Modules] Streaming discord_utils@1 to /home/aaa/.config/discord/0.0.45/modules/pending/discord_utils-1.zip: 59%
2024-03-17T04:48:52.579Z [Modules] Streaming discord_utils@1 to /home/aaa/.config/discord/0.0.45/modules/pending/discord_utils-1.zip: 60%
2024-03-17T04:48:53.029Z [Modules] Streaming discord_utils@1 to /home/aaa/.config/discord/0.0.45/modules/pending/discord_utils-1.zip: 61%
2024-03-17T04:48:53.624Z [Modules] Streaming discord_utils@1 to /home/aaa/.config/discord/0.0.45/modules/pending/discord_utils-1.zip: 62%
2024-03-17T04:48:54.195Z [Modules] Streaming discord_utils@1 to /home/aaa/.config/discord/0.0.45/modules/pending/discord_utils-1.zip: 63%
2024-03-17T04:48:55.110Z [Modules] Streaming discord_utils@1 to /home/aaa/.config/discord/0.0.45/modules/pending/discord_utils-1.zip: 64%
2024-03-17T04:48:56.281Z [Modules] Streaming discord_utils@1 to /home/aaa/.config/discord/0.0.45/modules/pending/discord_utils-1.zip: 65%
2024-03-17T04:49:04.040Z [Modules] Streaming discord_utils@1 to /home/aaa/.config/discord/0.0.45/modules/pending/discord_utils-1.zip: 66%
2024-03-17T04:49:05.111Z [Modules] Streaming discord_utils@1 to /home/aaa/.config/discord/0.0.45/modules/pending/discord_utils-1.zip: 67%
2024-03-17T04:49:05.862Z [Modules] Streaming discord_utils@1 to /home/aaa/.config/discord/0.0.45/modules/pending/discord_utils-1.zip: 68%
2024-03-17T04:49:06.156Z [Modules] Streaming discord_utils@1 to /home/aaa/.config/discord/0.0.45/modules/pending/discord_utils-1.zip: 69%
2024-03-17T04:49:06.888Z [Modules] Streaming discord_utils@1 to /home/aaa/.config/discord/0.0.45/modules/pending/discord_utils-1.zip: 70%
2024-03-17T04:49:07.495Z [Modules] Streaming discord_utils@1 to /home/aaa/.config/discord/0.0.45/modules/pending/discord_utils-1.zip: 71%
2024-03-17T04:49:08.017Z [Modules] Streaming discord_utils@1 to /home/aaa/.config/discord/0.0.45/modules/pending/discord_utils-1.zip: 72%
2024-03-17T04:49:08.503Z [Modules] Streaming discord_utils@1 to /home/aaa/.config/discord/0.0.45/modules/pending/discord_utils-1.zip: 73%
2024-03-17T04:49:09.000Z [Modules] Streaming discord_utils@1 to /home/aaa/.config/discord/0.0.45/modules/pending/discord_utils-1.zip: 74%
2024-03-17T04:49:09.828Z [Modules] Streaming discord_utils@1 to /home/aaa/.config/discord/0.0.45/modules/pending/discord_utils-1.zip: 75%
2024-03-17T04:49:10.415Z [Modules] Streaming discord_utils@1 to /home/aaa/.config/discord/0.0.45/modules/pending/discord_utils-1.zip: 76%
2024-03-17T04:49:11.228Z [Modules] Streaming discord_utils@1 to /home/aaa/.config/discord/0.0.45/modules/pending/discord_utils-1.zip: 77%
2024-03-17T04:49:11.343Z [Modules] Streaming discord_utils@1 to /home/aaa/.config/discord/0.0.45/modules/pending/discord_utils-1.zip: 78%
2024-03-17T04:49:12.186Z [Modules] Streaming discord_utils@1 to /home/aaa/.config/discord/0.0.45/modules/pending/discord_utils-1.zip: 79%
2024-03-17T04:49:13.265Z [Modules] Streaming discord_utils@1 to /home/aaa/.config/discord/0.0.45/modules/pending/discord_utils-1.zip: 80%
2024-03-17T04:49:13.909Z [Modules] Streaming discord_utils@1 to /home/aaa/.config/discord/0.0.45/modules/pending/discord_utils-1.zip: 81%
2024-03-17T04:49:14.666Z [Modules] Streaming discord_utils@1 to /home/aaa/.config/discord/0.0.45/modules/pending/discord_utils-1.zip: 82%
2024-03-17T04:49:15.209Z [Modules] Streaming discord_utils@1 to /home/aaa/.config/discord/0.0.45/modules/pending/discord_utils-1.zip: 83%
2024-03-17T04:49:16.236Z [Modules] Streaming discord_utils@1 to /home/aaa/.config/discord/0.0.45/modules/pending/discord_utils-1.zip: 84%
2024-03-17T04:49:16.677Z [Modules] Streaming discord_utils@1 to /home/aaa/.config/discord/0.0.45/modules/pending/discord_utils-1.zip: 85%
2024-03-17T04:49:17.964Z [Modules] Streaming discord_utils@1 to /home/aaa/.config/discord/0.0.45/modules/pending/discord_utils-1.zip: 86%
2024-03-17T04:49:18.485Z [Modules] Streaming discord_utils@1 to /home/aaa/.config/discord/0.0.45/modules/pending/discord_utils-1.zip: 87%
2024-03-17T04:49:19.292Z [Modules] Streaming discord_utils@1 to /home/aaa/.config/discord/0.0.45/modules/pending/discord_utils-1.zip: 88%
2024-03-17T04:49:19.503Z [Modules] Streaming discord_utils@1 to /home/aaa/.config/discord/0.0.45/modules/pending/discord_utils-1.zip: 89%
2024-03-17T04:49:20.249Z [Modules] Streaming discord_utils@1 to /home/aaa/.config/discord/0.0.45/modules/pending/discord_utils-1.zip: 90%
2024-03-17T04:49:21.463Z [Modules] Streaming discord_utils@1 to /home/aaa/.config/discord/0.0.45/modules/pending/discord_utils-1.zip: 91%
2024-03-17T04:49:21.910Z [Modules] Streaming discord_utils@1 to /home/aaa/.config/discord/0.0.45/modules/pending/discord_utils-1.zip: 92%
2024-03-17T04:49:22.478Z [Modules] Streaming discord_utils@1 to /home/aaa/.config/discord/0.0.45/modules/pending/discord_utils-1.zip: 93%
2024-03-17T04:49:22.886Z [Modules] Streaming discord_utils@1 to /home/aaa/.config/discord/0.0.45/modules/pending/discord_utils-1.zip: 94%
2024-03-17T04:49:23.543Z [Modules] Streaming discord_utils@1 to /home/aaa/.config/discord/0.0.45/modules/pending/discord_utils-1.zip: 95%
2024-03-17T04:49:23.948Z [Modules] Streaming discord_utils@1 to /home/aaa/.config/discord/0.0.45/modules/pending/discord_utils-1.zip: 96%
2024-03-17T04:49:24.925Z [Modules] Streaming discord_utils@1 to /home/aaa/.config/discord/0.0.45/modules/pending/discord_utils-1.zip: 97%
2024-03-17T04:49:25.915Z [Modules] Streaming discord_utils@1 to /home/aaa/.config/discord/0.0.45/modules/pending/discord_utils-1.zip: 98%
2024-03-17T04:49:26.149Z [Modules] Streaming discord_utils@1 to /home/aaa/.config/discord/0.0.45/modules/pending/discord_utils-1.zip: 99%
2024-03-17T04:49:26.787Z [Modules] Streaming discord_utils@1 to /home/aaa/.config/discord/0.0.45/modules/pending/discord_utils-1.zip: 100%
2024-03-17T04:49:26.790Z [Modules] Fetching discord_voice@1 from https://discord.com/api/modules/stable/discord_voice/1
2024-03-17T04:49:26.790Z [Modules] Streaming discord_voice@1 to /home/aaa/.config/discord/0.0.45/modules/pending/discord_voice-1.zip
2024-03-17T04:49:33.505Z [Modules] Streaming discord_voice@1 to /home/aaa/.config/discord/0.0.45/modules/pending/discord_voice-1.zip: 1%
2024-03-17T04:49:39.814Z [Modules] Streaming discord_voice@1 to /home/aaa/.config/discord/0.0.45/modules/pending/discord_voice-1.zip: 2%
2024-03-17T04:49:47.566Z [Modules] Streaming discord_voice@1 to /home/aaa/.config/discord/0.0.45/modules/pending/discord_voice-1.zip: 3%
2024-03-17T04:49:55.499Z [Modules] Streaming discord_voice@1 to /home/aaa/.config/discord/0.0.45/modules/pending/discord_voice-1.zip: 4%
2024-03-17T04:50:00.292Z [Modules] Streaming discord_voice@1 to /home/aaa/.config/discord/0.0.45/modules/pending/discord_voice-1.zip: 5%
2024-03-17T04:50:04.933Z [Modules] Streaming discord_voice@1 to /home/aaa/.config/discord/0.0.45/modules/pending/discord_voice-1.zip: 6%
2024-03-17T04:50:11.119Z [Modules] Streaming discord_voice@1 to /home/aaa/.config/discord/0.0.45/modules/pending/discord_voice-1.zip: 7%
2024-03-17T04:50:16.970Z [Modules] Streaming discord_voice@1 to /home/aaa/.config/discord/0.0.45/modules/pending/discord_voice-1.zip: 8%
2024-03-17T04:50:22.345Z [Modules] Streaming discord_voice@1 to /home/aaa/.config/discord/0.0.45/modules/pending/discord_voice-1.zip: 9%
2024-03-17T04:50:28.231Z [Modules] Streaming discord_voice@1 to /home/aaa/.config/discord/0.0.45/modules/pending/discord_voice-1.zip: 10%
2024-03-17T04:50:35.368Z [Modules] Streaming discord_voice@1 to /home/aaa/.config/discord/0.0.45/modules/pending/discord_voice-1.zip: 11%
2024-03-17T04:50:45.585Z [Modules] Streaming discord_voice@1 to /home/aaa/.config/discord/0.0.45/modules/pending/discord_voice-1.zip: 12%
2024-03-17T04:50:55.745Z [Modules] Streaming discord_voice@1 to /home/aaa/.config/discord/0.0.45/modules/pending/discord_voice-1.zip: 13%
2024-03-17T04:51:05.571Z [Modules] Streaming discord_voice@1 to /home/aaa/.config/discord/0.0.45/modules/pending/discord_voice-1.zip: 14%
2024-03-17T04:51:13.408Z [Modules] Streaming discord_voice@1 to /home/aaa/.config/discord/0.0.45/modules/pending/discord_voice-1.zip: 15%
2024-03-17T04:51:17.996Z [Modules] Streaming discord_voice@1 to /home/aaa/.config/discord/0.0.45/modules/pending/discord_voice-1.zip: 16%
2024-03-17T04:51:21.370Z [Modules] Streaming discord_voice@1 to /home/aaa/.config/discord/0.0.45/modules/pending/discord_voice-1.zip: 17%
2024-03-17T04:51:23.599Z [Modules] Streaming discord_voice@1 to /home/aaa/.config/discord/0.0.45/modules/pending/discord_voice-1.zip: 18%
2024-03-17T04:51:26.255Z [Modules] Streaming discord_voice@1 to /home/aaa/.config/discord/0.0.45/modules/pending/discord_voice-1.zip: 19%
2024-03-17T04:51:29.277Z [Modules] Streaming discord_voice@1 to /home/aaa/.config/discord/0.0.45/modules/pending/discord_voice-1.zip: 20%
2024-03-17T04:51:31.324Z [Modules] Streaming discord_voice@1 to /home/aaa/.config/discord/0.0.45/modules/pending/discord_voice-1.zip: 21%
2024-03-17T04:51:34.614Z [Modules] Streaming discord_voice@1 to /home/aaa/.config/discord/0.0.45/modules/pending/discord_voice-1.zip: 22%
2024-03-17T04:51:37.401Z [Modules] Streaming discord_voice@1 to /home/aaa/.config/discord/0.0.45/modules/pending/discord_voice-1.zip: 23%
2024-03-17T04:51:39.887Z [Modules] Streaming discord_voice@1 to /home/aaa/.config/discord/0.0.45/modules/pending/discord_voice-1.zip: 24%
2024-03-17T04:51:41.779Z [Modules] Streaming discord_voice@1 to /home/aaa/.config/discord/0.0.45/modules/pending/discord_voice-1.zip: 25%
2024-03-17T04:51:44.452Z [Modules] Streaming discord_voice@1 to /home/aaa/.config/discord/0.0.45/modules/pending/discord_voice-1.zip: 26%
2024-03-17T04:51:46.629Z [Modules] Streaming discord_voice@1 to /home/aaa/.config/discord/0.0.45/modules/pending/discord_voice-1.zip: 27%
2024-03-17T04:51:49.161Z [Modules] Streaming discord_voice@1 to /home/aaa/.config/discord/0.0.45/modules/pending/discord_voice-1.zip: 28%
2024-03-17T04:51:51.476Z [Modules] Streaming discord_voice@1 to /home/aaa/.config/discord/0.0.45/modules/pending/discord_voice-1.zip: 29%
2024-03-17T04:51:54.381Z [Modules] Streaming discord_voice@1 to /home/aaa/.config/discord/0.0.45/modules/pending/discord_voice-1.zip: 30%
2024-03-17T04:51:57.074Z [Modules] Streaming discord_voice@1 to /home/aaa/.config/discord/0.0.45/modules/pending/discord_voice-1.zip: 31%
2024-03-17T04:52:00.925Z [Modules] Streaming discord_voice@1 to /home/aaa/.config/discord/0.0.45/modules/pending/discord_voice-1.zip: 32%
2024-03-17T04:52:04.777Z [Modules] Streaming discord_voice@1 to /home/aaa/.config/discord/0.0.45/modules/pending/discord_voice-1.zip: 33%
2024-03-17T04:52:07.845Z [Modules] Streaming discord_voice@1 to /home/aaa/.config/discord/0.0.45/modules/pending/discord_voice-1.zip: 34%
2024-03-17T04:52:10.523Z [Modules] Streaming discord_voice@1 to /home/aaa/.config/discord/0.0.45/modules/pending/discord_voice-1.zip: 35%
2024-03-17T04:52:14.000Z [Modules] Streaming discord_voice@1 to /home/aaa/.config/discord/0.0.45/modules/pending/discord_voice-1.zip: 36%
2024-03-17T04:52:17.298Z [Modules] Streaming discord_voice@1 to /home/aaa/.config/discord/0.0.45/modules/pending/discord_voice-1.zip: 37%
2024-03-17T04:52:21.841Z [Modules] Streaming discord_voice@1 to /home/aaa/.config/discord/0.0.45/modules/pending/discord_voice-1.zip: 38%
2024-03-17T04:52:27.036Z [Modules] Streaming discord_voice@1 to /home/aaa/.config/discord/0.0.45/modules/pending/discord_voice-1.zip: 39%
2024-03-17T04:52:32.684Z [Modules] Streaming discord_voice@1 to /home/aaa/.config/discord/0.0.45/modules/pending/discord_voice-1.zip: 40%
2024-03-17T04:52:39.929Z [Modules] Streaming discord_voice@1 to /home/aaa/.config/discord/0.0.45/modules/pending/discord_voice-1.zip: 41%
2024-03-17T04:52:47.704Z [Modules] Streaming discord_voice@1 to /home/aaa/.config/discord/0.0.45/modules/pending/discord_voice-1.zip: 42%
2024-03-17T04:52:56.435Z [Modules] Streaming discord_voice@1 to /home/aaa/.config/discord/0.0.45/modules/pending/discord_voice-1.zip: 43%
2024-03-17T04:53:07.689Z [Modules] Streaming discord_voice@1 to /home/aaa/.config/discord/0.0.45/modules/pending/discord_voice-1.zip: 44%
2024-03-17T04:53:20.618Z [Modules] Streaming discord_voice@1 to /home/aaa/.config/discord/0.0.45/modules/pending/discord_voice-1.zip: 45%
2024-03-17T04:53:39.724Z [Modules] Streaming discord_voice@1 to /home/aaa/.config/discord/0.0.45/modules/pending/discord_voice-1.zip: 46%
2024-03-17T04:53:58.587Z [Modules] Streaming discord_voice@1 to /home/aaa/.config/discord/0.0.45/modules/pending/discord_voice-1.zip: 47%
2024-03-17T04:54:09.824Z [Modules] Streaming discord_voice@1 to /home/aaa/.config/discord/0.0.45/modules/pending/discord_voice-1.zip: 48%
2024-03-17T04:54:17.229Z [Modules] Streaming discord_voice@1 to /home/aaa/.config/discord/0.0.45/modules/pending/discord_voice-1.zip: 49%
2024-03-17T04:54:26.875Z [Modules] Streaming discord_voice@1 to /home/aaa/.config/discord/0.0.45/modules/pending/discord_voice-1.zip: 50%
2024-03-17T04:54:39.966Z [Modules] Streaming discord_voice@1 to /home/aaa/.config/discord/0.0.45/modules/pending/discord_voice-1.zip: 51%
2024-03-17T04:54:55.806Z [Modules] Streaming discord_voice@1 to /home/aaa/.config/discord/0.0.45/modules/pending/discord_voice-1.zip: 52%
2024-03-17T04:55:06.390Z [Modules] Streaming discord_voice@1 to /home/aaa/.config/discord/0.0.45/modules/pending/discord_voice-1.zip: 53%
2024-03-17T04:55:17.022Z [Modules] Streaming discord_voice@1 to /home/aaa/.config/discord/0.0.45/modules/pending/discord_voice-1.zip: 54%
2024-03-17T04:55:25.349Z [Modules] Streaming discord_voice@1 to /home/aaa/.config/discord/0.0.45/modules/pending/discord_voice-1.zip: 55%
2024-03-17T04:55:35.145Z [Modules] Streaming discord_voice@1 to /home/aaa/.config/discord/0.0.45/modules/pending/discord_voice-1.zip: 56%
2024-03-17T04:55:38.561Z [Modules] Streaming discord_voice@1 to /home/aaa/.config/discord/0.0.45/modules/pending/discord_voice-1.zip: 57%
2024-03-17T04:55:41.404Z [Modules] Streaming discord_voice@1 to /home/aaa/.config/discord/0.0.45/modules/pending/discord_voice-1.zip: 58%
2024-03-17T04:55:44.370Z [Modules] Streaming discord_voice@1 to /home/aaa/.config/discord/0.0.45/modules/pending/discord_voice-1.zip: 59%
2024-03-17T04:55:47.710Z [Modules] Streaming discord_voice@1 to /home/aaa/.config/discord/0.0.45/modules/pending/discord_voice-1.zip: 60%
2024-03-17T04:55:51.274Z [Modules] Streaming discord_voice@1 to /home/aaa/.config/discord/0.0.45/modules/pending/discord_voice-1.zip: 61%
2024-03-17T04:55:55.339Z [Modules] Streaming discord_voice@1 to /home/aaa/.config/discord/0.0.45/modules/pending/discord_voice-1.zip: 62%
2024-03-17T04:56:00.089Z [Modules] Streaming discord_voice@1 to /home/aaa/.config/discord/0.0.45/modules/pending/discord_voice-1.zip: 63%
2024-03-17T04:56:04.380Z [Modules] Streaming discord_voice@1 to /home/aaa/.config/discord/0.0.45/modules/pending/discord_voice-1.zip: 64%
2024-03-17T04:56:08.260Z [Modules] Streaming discord_voice@1 to /home/aaa/.config/discord/0.0.45/modules/pending/discord_voice-1.zip: 65%
2024-03-17T04:56:13.055Z [Modules] Streaming discord_voice@1 to /home/aaa/.config/discord/0.0.45/modules/pending/discord_voice-1.zip: 66%
2024-03-17T04:56:18.445Z [Modules] Streaming discord_voice@1 to /home/aaa/.config/discord/0.0.45/modules/pending/discord_voice-1.zip: 67%
2024-03-17T04:56:24.193Z [Modules] Streaming discord_voice@1 to /home/aaa/.config/discord/0.0.45/modules/pending/discord_voice-1.zip: 68%
2024-03-17T04:56:29.521Z [Modules] Streaming discord_voice@1 to /home/aaa/.config/discord/0.0.45/modules/pending/discord_voice-1.zip: 69%
2024-03-17T04:56:34.498Z [Modules] Streaming discord_voice@1 to /home/aaa/.config/discord/0.0.45/modules/pending/discord_voice-1.zip: 70%
2024-03-17T04:56:38.695Z [Modules] Streaming discord_voice@1 to /home/aaa/.config/discord/0.0.45/modules/pending/discord_voice-1.zip: 71%
2024-03-17T04:56:41.218Z [Modules] Streaming discord_voice@1 to /home/aaa/.config/discord/0.0.45/modules/pending/discord_voice-1.zip: 72%
2024-03-17T04:56:43.936Z [Modules] Streaming discord_voice@1 to /home/aaa/.config/discord/0.0.45/modules/pending/discord_voice-1.zip: 73%
2024-03-17T04:56:47.270Z [Modules] Streaming discord_voice@1 to /home/aaa/.config/discord/0.0.45/modules/pending/discord_voice-1.zip: 74%
2024-03-17T04:56:50.482Z [Modules] Streaming discord_voice@1 to /home/aaa/.config/discord/0.0.45/modules/pending/discord_voice-1.zip: 75%
2024-03-17T04:56:54.083Z [Modules] Streaming discord_voice@1 to /home/aaa/.config/discord/0.0.45/modules/pending/discord_voice-1.zip: 76%
2024-03-17T04:56:57.423Z [Modules] Streaming discord_voice@1 to /home/aaa/.config/discord/0.0.45/modules/pending/discord_voice-1.zip: 77%
2024-03-17T04:57:02.097Z [Modules] Streaming discord_voice@1 to /home/aaa/.config/discord/0.0.45/modules/pending/discord_voice-1.zip: 78%
2024-03-17T04:57:05.943Z [Modules] Streaming discord_voice@1 to /home/aaa/.config/discord/0.0.45/modules/pending/discord_voice-1.zip: 79%
2024-03-17T04:57:11.451Z [Modules] Streaming discord_voice@1 to /home/aaa/.config/discord/0.0.45/modules/pending/discord_voice-1.zip: 80%
2024-03-17T04:57:16.745Z [Modules] Streaming discord_voice@1 to /home/aaa/.config/discord/0.0.45/modules/pending/discord_voice-1.zip: 81%
2024-03-17T04:57:21.913Z [Modules] Streaming discord_voice@1 to /home/aaa/.config/discord/0.0.45/modules/pending/discord_voice-1.zip: 82%
2024-03-17T04:57:30.017Z [Modules] Streaming discord_voice@1 to /home/aaa/.config/discord/0.0.45/modules/pending/discord_voice-1.zip: 83%
2024-03-17T04:57:35.014Z [Modules] Streaming discord_voice@1 to /home/aaa/.config/discord/0.0.45/modules/pending/discord_voice-1.zip: 84%
2024-03-17T04:57:38.736Z [Modules] Streaming discord_voice@1 to /home/aaa/.config/discord/0.0.45/modules/pending/discord_voice-1.zip: 85%
2024-03-17T04:57:42.193Z [Modules] Streaming discord_voice@1 to /home/aaa/.config/discord/0.0.45/modules/pending/discord_voice-1.zip: 86%
2024-03-17T04:57:45.178Z [Modules] Streaming discord_voice@1 to /home/aaa/.config/discord/0.0.45/modules/pending/discord_voice-1.zip: 87%
2024-03-17T04:57:47.992Z [Modules] Streaming discord_voice@1 to /home/aaa/.config/discord/0.0.45/modules/pending/discord_voice-1.zip: 88%
2024-03-17T04:57:51.458Z [Modules] Streaming discord_voice@1 to /home/aaa/.config/discord/0.0.45/modules/pending/discord_voice-1.zip: 89%
2024-03-17T04:57:54.409Z [Modules] Streaming discord_voice@1 to /home/aaa/.config/discord/0.0.45/modules/pending/discord_voice-1.zip: 90%
2024-03-17T04:57:57.789Z [Modules] Streaming discord_voice@1 to /home/aaa/.config/discord/0.0.45/modules/pending/discord_voice-1.zip: 91%
2024-03-17T04:58:01.538Z [Modules] Streaming discord_voice@1 to /home/aaa/.config/discord/0.0.45/modules/pending/discord_voice-1.zip: 92%
2024-03-17T04:58:05.431Z [Modules] Streaming discord_voice@1 to /home/aaa/.config/discord/0.0.45/modules/pending/discord_voice-1.zip: 93%
2024-03-17T04:58:10.024Z [Modules] Streaming discord_voice@1 to /home/aaa/.config/discord/0.0.45/modules/pending/discord_voice-1.zip: 94%
2024-03-17T04:58:14.114Z [Modules] Streaming discord_voice@1 to /home/aaa/.config/discord/0.0.45/modules/pending/discord_voice-1.zip: 95%
2024-03-17T04:58:20.171Z [Modules] Streaming discord_voice@1 to /home/aaa/.config/discord/0.0.45/modules/pending/discord_voice-1.zip: 96%
2024-03-17T04:58:28.034Z [Modules] Streaming discord_voice@1 to /home/aaa/.config/discord/0.0.45/modules/pending/discord_voice-1.zip: 97%
2024-03-17T04:58:42.628Z [Modules] Streaming discord_voice@1 to /home/aaa/.config/discord/0.0.45/modules/pending/discord_voice-1.zip: 98%
2024-03-17T04:58:58.259Z [Modules] Streaming discord_voice@1 to /home/aaa/.config/discord/0.0.45/modules/pending/discord_voice-1.zip: 99%
2024-03-17T04:59:15.103Z [Modules] Streaming discord_voice@1 to /home/aaa/.config/discord/0.0.45/modules/pending/discord_voice-1.zip: 100%
2024-03-17T04:59:15.107Z [Modules] Finished module downloads. [success: 5] [failure: 0]
2024-03-17T04:59:15.108Z [Modules] Installing updates...
2024-03-17T04:59:15.108Z [Modules] Installing discord_desktop_core@1 from /home/aaa/.config/discord/0.0.45/modules/pending/discord_desktop_core-1.zip
2024-03-17T04:59:15.298Z [Modules] Installing discord_erlpack@1 from /home/aaa/.config/discord/0.0.45/modules/pending/discord_erlpack-1.zip
2024-03-17T04:59:15.415Z [Modules] Installing discord_spellcheck@1 from /home/aaa/.config/discord/0.0.45/modules/pending/discord_spellcheck-1.zip
2024-03-17T04:59:17.036Z [Modules] Installing discord_utils@1 from /home/aaa/.config/discord/0.0.45/modules/pending/discord_utils-1.zip
2024-03-17T04:59:17.297Z [Modules] Installing discord_voice@1 from /home/aaa/.config/discord/0.0.45/modules/pending/discord_voice-1.zip
2024-03-17T04:59:18.515Z [Modules] Finished module installations. [success: 5] [failure: 0]
2024-03-17T04:59:18.516Z [Modules] Checking for host updates.
2024-03-17T04:59:19.619Z [Modules] Host is up to date.
2024-03-17T04:59:19.619Z [Modules] Checking for module updates at https://discord.com/api/modules/stable/versions.json
2024-03-17T04:59:19.686Z [Modules] No module updates available.
2024-03-17T05:00:06.230Z [Modules] Starting to install discord_krisp...
2024-03-17T05:00:06.231Z [Modules] Fetching discord_krisp@1 from https://discord.com/api/modules/stable/discord_krisp/1
2024-03-17T05:00:06.231Z [Modules] Streaming discord_krisp@1 to /home/aaa/.config/discord/0.0.45/modules/pending/discord_krisp-1.zip
2024-03-17T05:00:06.251Z [Modules] Starting to install discord_game_utils...
2024-03-17T05:00:21.711Z [Modules] Streaming discord_krisp@1 to /home/aaa/.config/discord/0.0.45/modules/pending/discord_krisp-1.zip: 1%
2024-03-17T05:00:37.892Z [Modules] Streaming discord_krisp@1 to /home/aaa/.config/discord/0.0.45/modules/pending/discord_krisp-1.zip: 2%
2024-03-17T05:01:07.926Z [Modules] Streaming discord_krisp@1 to /home/aaa/.config/discord/0.0.45/modules/pending/discord_krisp-1.zip: 3%
2024-03-17T05:01:38.130Z [Modules] Streaming discord_krisp@1 to /home/aaa/.config/discord/0.0.45/modules/pending/discord_krisp-1.zip: 4%
2024-03-17T05:01:57.938Z [Modules] Streaming discord_krisp@1 to /home/aaa/.config/discord/0.0.45/modules/pending/discord_krisp-1.zip: 5%
2024-03-17T05:02:06.919Z [Modules] Streaming discord_krisp@1 to /home/aaa/.config/discord/0.0.45/modules/pending/discord_krisp-1.zip: 6%
2024-03-17T05:02:17.469Z [Modules] Streaming discord_krisp@1 to /home/aaa/.config/discord/0.0.45/modules/pending/discord_krisp-1.zip: 7%
2024-03-17T05:02:26.533Z [Modules] Streaming discord_krisp@1 to /home/aaa/.config/discord/0.0.45/modules/pending/discord_krisp-1.zip: 8%
2024-03-17T05:02:34.760Z [Modules] Streaming discord_krisp@1 to /home/aaa/.config/discord/0.0.45/modules/pending/discord_krisp-1.zip: 9%
2024-03-17T05:02:40.490Z [Modules] Streaming discord_krisp@1 to /home/aaa/.config/discord/0.0.45/modules/pending/discord_krisp-1.zip: 10%
2024-03-17T05:02:47.295Z [Modules] Modules initializing
2024-03-17T05:02:47.296Z [Modules] Distribution: remote
2024-03-17T05:02:47.296Z [Modules] Host updates: enabled
2024-03-17T05:02:47.296Z [Modules] Module updates: enabled
2024-03-17T05:02:47.297Z [Modules] Module install path: /home/aaa/.config/discord/0.0.45/modules
2024-03-17T05:02:47.297Z [Modules] Module installed file path: /home/aaa/.config/discord/0.0.45/modules/installed.json
2024-03-17T05:02:47.298Z [Modules] Module download path: /home/aaa/.config/discord/0.0.45/modules/pending
2024-03-17T05:02:47.803Z [Modules] No updates to install
2024-03-17T05:02:47.808Z [Modules] Checking for host updates.
2024-03-17T05:02:48.565Z [Modules] Host is up to date.
2024-03-17T05:02:48.566Z [Modules] Checking for module updates at https://discord.com/api/modules/stable/versions.json
2024-03-17T05:02:48.722Z [Modules] No module updates available.
