2024-03-17 20:10:12.841 [info] Added views:workbench.panel.markers.view in workbench.panel.markers
2024-03-17 20:10:12.841 [info] Added views:workbench.panel.output in workbench.panel.output
2024-03-17 20:10:12.841 [info] Added views:terminal in terminal
2024-03-17 20:10:12.841 [info] Added views:outline in workbench.view.explorer
2024-03-17 20:10:12.841 [info] Added views:workbench.scm in workbench.view.scm
2024-03-17 20:10:12.841 [info] Added views:workbench.view.search in workbench.view.search
2024-03-17 20:10:12.841 [info] Added views:timeline in workbench.view.explorer
2024-03-17 20:10:12.841 [info] Added views:workbench.explorer.emptyView in workbench.view.explorer
2024-03-17 20:10:13.219 [info] Added views:workbench.debug.variablesView,workbench.debug.watchExpressionsView,workbench.debug.callStackView,workbench.debug.breakPointsView in workbench.view.debug
2024-03-17 20:10:14.952 [info] Added views:workbench.panel.repl.view in workbench.panel.repl
2024-03-17 20:10:14.956 [info] Removed views:workbench.debug.breakPointsView,workbench.debug.callStackView,workbench.debug.watchExpressionsView,workbench.debug.variablesView from workbench.view.debug
2024-03-17 20:10:14.958 [info] Added views:workbench.debug.welcome in workbench.view.debug
2024-03-17 20:10:15.266 [info] Added views:~remote.forwardedPorts in ~remote.forwardedPortsContainer
2024-03-17 20:10:16.393 [info] Added views:workbench.views.extensions.installed,workbench.views.extensions.popular,extensions.recommendedList in workbench.view.extensions
2024-03-17 20:10:30.840 [info] Removed views:extensions.recommendedList,workbench.views.extensions.popular,workbench.views.extensions.installed from workbench.view.extensions
2024-03-17 20:10:30.852 [info] Added views:workbench.views.extensions.marketplace in workbench.view.extensions
2024-03-17 20:10:39.832 [info] Removed views:workbench.views.extensions.marketplace from workbench.view.extensions
2024-03-17 20:10:39.847 [info] Added views:workbench.views.extensions.installed,workbench.views.extensions.popular,extensions.recommendedList in workbench.view.extensions
2024-03-17 20:10:44.523 [info] Removed views:extensions.recommendedList,workbench.views.extensions.popular,workbench.views.extensions.installed from workbench.view.extensions
2024-03-17 20:10:44.547 [info] Added views:workbench.views.extensions.marketplace in workbench.view.extensions
